[2018-07-17 12:06:14] argv=/usr/local/lib/node_modules/flow-bin/flow-osx-v0.66.0/flow server --from nuclide --max-workers 2 /Users/momen/Desktop/workspace/eject
[2018-07-17 12:06:14] Watching paths: 
	/Users/momen/Desktop/workspace/eject
[2018-07-17 12:06:14] Initializing Server (This might take some time)
[2018-07-17 12:06:14] executable=/usr/local/lib/node_modules/flow-bin/flow-osx-v0.66.0/flow
[2018-07-17 12:06:14] version=0.66.0
[2018-07-17 12:06:14] Parsing
[2018-07-17 12:06:15] Building package heap
[2018-07-17 12:06:15] Loading libraries
[2018-07-17 12:06:19] Resolving dependencies
[2018-07-17 12:06:19] to_merge: Focused: 2, Dependents: 0, Dependencies: 0
[2018-07-17 12:06:19] Calculating dependencies
[2018-07-17 12:06:19] Merging
[2018-07-17 12:06:19] Done
[2018-07-17 12:06:19] Checked set: Focused: 2, Dependents: 0, Dependencies: 0
[2018-07-17 12:06:19] Server is READY
[2018-07-17 12:06:19] Took 4.509537 seconds to initialize.
[2018-07-17 12:06:19] Status: OK
[2018-07-17 12:06:22] recheck 1 modified, 0 deleted files
[2018-07-17 12:06:22] modified files:
[2018-07-17 12:06:22] 1/1: /Users/momen/Desktop/workspace/eject/config/webpack.config.dev.js
[2018-07-17 12:06:22] Parsing
[2018-07-17 12:06:22] Re-resolving directly dependent files
[2018-07-17 12:06:22] Recalculating dependency graph
[2018-07-17 12:06:22] Merge prep
[2018-07-17 12:06:22] to_merge: Focused: 0, Dependents: 0, Dependencies: 0
[2018-07-17 12:06:22] Calculating dependencies
[2018-07-17 12:06:22] Merging
[2018-07-17 12:06:22] Done
[2018-07-17 12:06:22] Checked set: Focused: 2, Dependents: 0, Dependencies: 0
[2018-07-17 12:06:32] recheck 1 modified, 0 deleted files
[2018-07-17 12:06:32] modified files:
[2018-07-17 12:06:32] 1/1: /Users/momen/Desktop/workspace/eject/config/webpack.config.dev.js
[2018-07-17 12:06:32] Parsing
[2018-07-17 12:06:32] Re-resolving directly dependent files
[2018-07-17 12:06:32] Recalculating dependency graph
[2018-07-17 12:06:32] Merge prep
[2018-07-17 12:06:32] to_merge: Focused: 0, Dependents: 0, Dependencies: 0
[2018-07-17 12:06:32] Calculating dependencies
[2018-07-17 12:06:32] Merging
[2018-07-17 12:06:32] Done
[2018-07-17 12:06:32] Checked set: Focused: 2, Dependents: 0, Dependencies: 0
[2018-07-17 12:07:09] recheck 1 modified, 0 deleted files
[2018-07-17 12:07:09] modified files:
[2018-07-17 12:07:09] 1/1: /Users/momen/Desktop/workspace/eject/packages/ischool-sdk/index.js
[2018-07-17 12:07:09] Parsing
[2018-07-17 12:07:09] Re-resolving directly dependent files
[2018-07-17 12:07:09] Recalculating dependency graph
[2018-07-17 12:07:09] Merge prep
[2018-07-17 12:07:09] to_merge: Focused: 0, Dependents: 0, Dependencies: 0
[2018-07-17 12:07:09] Calculating dependencies
[2018-07-17 12:07:09] Merging
[2018-07-17 12:07:09] Done
[2018-07-17 12:07:09] Checked set: Focused: 2, Dependents: 0, Dependencies: 0
[2018-07-17 12:07:09] Status: OK
[2018-07-17 12:07:09] to_merge: Focused: 0, Dependents: 0, Dependencies: 1
[2018-07-17 12:07:09] Calculating dependencies
[2018-07-17 12:07:09] Merging
[2018-07-17 12:07:09] Done
[2018-07-17 12:07:09] Checked set: Focused: 2, Dependents: 0, Dependencies: 1
[2018-07-17 12:07:24] recheck 1 modified, 0 deleted files
[2018-07-17 12:07:24] modified files:
[2018-07-17 12:07:24] 1/1: /Users/momen/Desktop/workspace/eject/packages/ischool-sdk/index.js
[2018-07-17 12:07:24] Parsing
[2018-07-17 12:07:24] Re-resolving directly dependent files
[2018-07-17 12:07:24] Recalculating dependency graph
[2018-07-17 12:07:24] Merge prep
[2018-07-17 12:07:24] to_merge: Focused: 0, Dependents: 0, Dependencies: 0
[2018-07-17 12:07:24] Calculating dependencies
[2018-07-17 12:07:24] Merging
[2018-07-17 12:07:24] Done
[2018-07-17 12:07:24] Checked set: Focused: 2, Dependents: 0, Dependencies: 1
[2018-07-17 12:07:24] Status: Error
[2018-07-17 12:08:27] recheck 1 modified, 0 deleted files
[2018-07-17 12:08:27] modified files:
[2018-07-17 12:08:27] 1/1: /Users/momen/Desktop/workspace/eject/package.json
[2018-07-17 12:08:27] Parsing
[2018-07-17 12:08:27] Re-resolving directly dependent files
[2018-07-17 12:08:27] Recalculating dependency graph
[2018-07-17 12:08:27] Merge prep
[2018-07-17 12:08:27] to_merge: Focused: 0, Dependents: 0, Dependencies: 0
[2018-07-17 12:08:27] Calculating dependencies
[2018-07-17 12:08:27] Merging
[2018-07-17 12:08:27] Done
[2018-07-17 12:08:27] Checked set: Focused: 2, Dependents: 0, Dependencies: 1
[2018-07-17 12:08:54] recheck 1 modified, 0 deleted files
[2018-07-17 12:08:54] modified files:
[2018-07-17 12:08:54] 1/1: /Users/momen/Desktop/workspace/eject/packages/ischool-lib/index.test.js
[2018-07-17 12:08:54] Parsing
[2018-07-17 12:08:54] Re-resolving directly dependent files
[2018-07-17 12:08:54] Recalculating dependency graph
[2018-07-17 12:08:55] Merge prep
[2018-07-17 12:08:55] to_merge: Focused: 0, Dependents: 0, Dependencies: 0
[2018-07-17 12:08:55] Calculating dependencies
[2018-07-17 12:08:55] Merging
[2018-07-17 12:08:55] Done
[2018-07-17 12:08:55] Checked set: Focused: 2, Dependents: 0, Dependencies: 1
[2018-07-17 12:09:29] recheck 1 modified, 0 deleted files
[2018-07-17 12:09:29] modified files:
[2018-07-17 12:09:29] 1/1: /Users/momen/Desktop/workspace/eject/packages/ischool-web/App.js
[2018-07-17 12:09:29] Parsing
[2018-07-17 12:09:29] Re-resolving directly dependent files
[2018-07-17 12:09:29] Recalculating dependency graph
[2018-07-17 12:09:29] Merge prep
[2018-07-17 12:09:29] to_merge: Focused: 0, Dependents: 0, Dependencies: 0
[2018-07-17 12:09:29] Calculating dependencies
[2018-07-17 12:09:29] Merging
[2018-07-17 12:09:29] Done
[2018-07-17 12:09:29] Checked set: Focused: 2, Dependents: 0, Dependencies: 1
[2018-07-17 12:09:59] recheck 1 modified, 0 deleted files
[2018-07-17 12:09:59] modified files:
[2018-07-17 12:09:59] 1/1: /Users/momen/Desktop/workspace/eject/packages/ischool-sdk/index.js
[2018-07-17 12:09:59] Parsing
[2018-07-17 12:09:59] Re-resolving directly dependent files
[2018-07-17 12:09:59] Recalculating dependency graph
[2018-07-17 12:09:59] Merge prep
[2018-07-17 12:09:59] to_merge: Focused: 0, Dependents: 0, Dependencies: 0
[2018-07-17 12:09:59] Calculating dependencies
[2018-07-17 12:09:59] Merging
[2018-07-17 12:09:59] Done
[2018-07-17 12:09:59] Checked set: Focused: 2, Dependents: 0, Dependencies: 1
[2018-07-17 12:10:00] Status: Error
[2018-07-17 12:10:03] recheck 1 modified, 0 deleted files
[2018-07-17 12:10:03] modified files:
[2018-07-17 12:10:03] 1/1: /Users/momen/Desktop/workspace/eject/packages/ischool-sdk/index.js
[2018-07-17 12:10:03] Parsing
[2018-07-17 12:10:04] Re-resolving directly dependent files
[2018-07-17 12:10:04] Recalculating dependency graph
[2018-07-17 12:10:04] Merge prep
[2018-07-17 12:10:04] to_merge: Focused: 0, Dependents: 0, Dependencies: 0
[2018-07-17 12:10:04] Calculating dependencies
[2018-07-17 12:10:04] Merging
[2018-07-17 12:10:04] Done
[2018-07-17 12:10:04] Checked set: Focused: 2, Dependents: 0, Dependencies: 1
[2018-07-17 12:10:04] recheck 1 modified, 0 deleted files
[2018-07-17 12:10:04] modified files:
[2018-07-17 12:10:04] 1/1: /Users/momen/Desktop/workspace/eject/packages/ischool-sdk/index.js
[2018-07-17 12:10:04] Parsing
[2018-07-17 12:10:05] Re-resolving directly dependent files
[2018-07-17 12:10:05] Recalculating dependency graph
[2018-07-17 12:10:05] Merge prep
[2018-07-17 12:10:05] to_merge: Focused: 0, Dependents: 0, Dependencies: 0
[2018-07-17 12:10:05] Calculating dependencies
[2018-07-17 12:10:05] Merging
[2018-07-17 12:10:05] Done
[2018-07-17 12:10:05] Checked set: Focused: 2, Dependents: 0, Dependencies: 0
[2018-07-17 12:10:05] recheck 1 modified, 0 deleted files
[2018-07-17 12:10:05] modified files:
[2018-07-17 12:10:05] 1/1: /Users/momen/Desktop/workspace/eject/packages/ischool-sdk/index.js
[2018-07-17 12:10:05] Parsing
[2018-07-17 12:10:05] Re-resolving directly dependent files
[2018-07-17 12:10:05] Recalculating dependency graph
[2018-07-17 12:10:05] Merge prep
[2018-07-17 12:10:05] to_merge: Focused: 0, Dependents: 0, Dependencies: 0
[2018-07-17 12:10:05] Calculating dependencies
[2018-07-17 12:10:05] Merging
[2018-07-17 12:10:05] Done
[2018-07-17 12:10:05] Checked set: Focused: 2, Dependents: 0, Dependencies: 0
[2018-07-17 12:10:05] to_merge: Focused: 0, Dependents: 0, Dependencies: 1
[2018-07-17 12:10:05] Calculating dependencies
[2018-07-17 12:10:05] Merging
[2018-07-17 12:10:05] Done
[2018-07-17 12:10:05] Checked set: Focused: 2, Dependents: 0, Dependencies: 1
[2018-07-17 12:10:48] recheck 1 modified, 0 deleted files
[2018-07-17 12:10:48] modified files:
[2018-07-17 12:10:48] 1/1: /Users/momen/Desktop/workspace/eject/packages/ischool-sdk/index.test.js
[2018-07-17 12:10:48] Parsing
[2018-07-17 12:10:48] Re-resolving directly dependent files
[2018-07-17 12:10:48] Recalculating dependency graph
[2018-07-17 12:10:48] Merge prep
[2018-07-17 12:10:48] to_merge: Focused: 0, Dependents: 0, Dependencies: 0
[2018-07-17 12:10:48] Calculating dependencies
[2018-07-17 12:10:48] Merging
[2018-07-17 12:10:48] Done
[2018-07-17 12:10:48] Checked set: Focused: 2, Dependents: 0, Dependencies: 1
[2018-07-17 12:11:11] recheck 1 modified, 0 deleted files
[2018-07-17 12:11:11] modified files:
[2018-07-17 12:11:11] 1/1: /Users/momen/Desktop/workspace/eject/packages/ischool-sdk/index.js
[2018-07-17 12:11:11] Parsing
[2018-07-17 12:11:11] Re-resolving directly dependent files
[2018-07-17 12:11:11] Recalculating dependency graph
[2018-07-17 12:11:11] Merge prep
[2018-07-17 12:11:11] to_merge: Focused: 0, Dependents: 0, Dependencies: 0
[2018-07-17 12:11:11] Calculating dependencies
[2018-07-17 12:11:11] Merging
[2018-07-17 12:11:11] Done
[2018-07-17 12:11:11] Checked set: Focused: 2, Dependents: 0, Dependencies: 1
[2018-07-17 12:11:11] Status: Error
[2018-07-17 12:11:29] recheck 1 modified, 0 deleted files
[2018-07-17 12:11:29] modified files:
[2018-07-17 12:11:29] 1/1: /Users/momen/Desktop/workspace/eject/packages/ischool-sdk/index.test.js
[2018-07-17 12:11:29] Parsing
[2018-07-17 12:11:29] Re-resolving directly dependent files
[2018-07-17 12:11:29] Recalculating dependency graph
[2018-07-17 12:11:29] Merge prep
[2018-07-17 12:11:29] to_merge: Focused: 0, Dependents: 0, Dependencies: 0
[2018-07-17 12:11:29] Calculating dependencies
[2018-07-17 12:11:29] Merging
[2018-07-17 12:11:29] Done
[2018-07-17 12:11:29] Checked set: Focused: 2, Dependents: 0, Dependencies: 1
[2018-07-17 12:11:37] recheck 1 modified, 0 deleted files
[2018-07-17 12:11:37] modified files:
[2018-07-17 12:11:37] 1/1: /Users/momen/Desktop/workspace/eject/packages/ischool-sdk/index.test.js
[2018-07-17 12:11:37] Parsing
[2018-07-17 12:11:37] Re-resolving directly dependent files
[2018-07-17 12:11:37] Recalculating dependency graph
[2018-07-17 12:11:37] Merge prep
[2018-07-17 12:11:37] to_merge: Focused: 0, Dependents: 0, Dependencies: 0
[2018-07-17 12:11:37] Calculating dependencies
[2018-07-17 12:11:37] Merging
[2018-07-17 12:11:37] Done
[2018-07-17 12:11:37] Checked set: Focused: 2, Dependents: 0, Dependencies: 1
[2018-07-17 12:11:44] recheck 1 modified, 0 deleted files
[2018-07-17 12:11:44] modified files:
[2018-07-17 12:11:44] 1/1: /Users/momen/Desktop/workspace/eject/packages/ischool-sdk/index.test.js
[2018-07-17 12:11:44] Parsing
[2018-07-17 12:11:45] Re-resolving directly dependent files
[2018-07-17 12:11:45] Recalculating dependency graph
[2018-07-17 12:11:45] Merge prep
[2018-07-17 12:11:45] to_merge: Focused: 0, Dependents: 0, Dependencies: 0
[2018-07-17 12:11:45] Calculating dependencies
[2018-07-17 12:11:45] Merging
[2018-07-17 12:11:45] Done
[2018-07-17 12:11:45] Checked set: Focused: 2, Dependents: 0, Dependencies: 1
[2018-07-17 12:11:52] recheck 1 modified, 0 deleted files
[2018-07-17 12:11:52] modified files:
[2018-07-17 12:11:52] 1/1: /Users/momen/Desktop/workspace/eject/packages/ischool-sdk/index.test.js
[2018-07-17 12:11:52] Parsing
[2018-07-17 12:11:52] Re-resolving directly dependent files
[2018-07-17 12:11:52] Recalculating dependency graph
[2018-07-17 12:11:52] Merge prep
[2018-07-17 12:11:52] to_merge: Focused: 0, Dependents: 0, Dependencies: 0
[2018-07-17 12:11:52] Calculating dependencies
[2018-07-17 12:11:52] Merging
[2018-07-17 12:11:52] Done
[2018-07-17 12:11:52] Checked set: Focused: 2, Dependents: 0, Dependencies: 1
[2018-07-17 12:11:52] recheck 1 modified, 0 deleted files
[2018-07-17 12:11:52] modified files:
[2018-07-17 12:11:52] 1/1: /Users/momen/Desktop/workspace/eject/packages/ischool-sdk/index.test.js
[2018-07-17 12:11:52] Parsing
[2018-07-17 12:11:52] Re-resolving directly dependent files
[2018-07-17 12:11:52] Recalculating dependency graph
[2018-07-17 12:11:52] Merge prep
[2018-07-17 12:11:52] to_merge: Focused: 0, Dependents: 0, Dependencies: 0
[2018-07-17 12:11:52] Calculating dependencies
[2018-07-17 12:11:52] Merging
[2018-07-17 12:11:52] Done
[2018-07-17 12:11:52] Checked set: Focused: 2, Dependents: 0, Dependencies: 1
[2018-07-17 12:11:57] recheck 1 modified, 0 deleted files
[2018-07-17 12:11:57] modified files:
[2018-07-17 12:11:57] 1/1: /Users/momen/Desktop/workspace/eject/packages/ischool-sdk/index.js
[2018-07-17 12:11:57] Parsing
[2018-07-17 12:11:57] Re-resolving directly dependent files
[2018-07-17 12:11:57] Recalculating dependency graph
[2018-07-17 12:11:57] Merge prep
[2018-07-17 12:11:57] to_merge: Focused: 0, Dependents: 0, Dependencies: 0
[2018-07-17 12:11:57] Calculating dependencies
[2018-07-17 12:11:57] Merging
[2018-07-17 12:11:57] Done
[2018-07-17 12:11:57] Checked set: Focused: 2, Dependents: 0, Dependencies: 1
[2018-07-17 12:11:57] Status: Error
